<?xml version="1.0" encoding="UTF-8"?>
<testng-results skipped="1" failed="0" total="1" passed="0">
  <reporter-output>
  </reporter-output>
  <suite name="Default suite" duration-ms="27" started-at="2018-05-03T12:54:47Z" finished-at="2018-05-03T12:54:47Z">
    <groups>
    </groups>
    <test name="Default test" duration-ms="27" started-at="2018-05-03T12:54:47Z" finished-at="2018-05-03T12:54:47Z">
      <class name="tests.TC001">
        <test-method status="PASS" signature="beforeSuite()[pri:0, instance:tests.TC001@2812cbfa]" name="beforeSuite" is-config="true" duration-ms="392" started-at="2018-05-03T18:24:47Z" finished-at="2018-05-03T18:24:47Z">
          <reporter-output>
          </reporter-output>
        </test-method> <!-- beforeSuite -->
        <test-method status="PASS" signature="beforeTest()[pri:0, instance:tests.TC001@2812cbfa]" name="beforeTest" is-config="true" duration-ms="1" started-at="2018-05-03T18:24:47Z" finished-at="2018-05-03T18:24:47Z">
          <reporter-output>
          </reporter-output>
        </test-method> <!-- beforeTest -->
        <test-method status="FAIL" signature="beforeMethod()[pri:0, instance:tests.TC001@2812cbfa]" name="beforeMethod" is-config="true" duration-ms="0" started-at="2018-05-03T18:24:47Z" finished-at="2018-05-03T18:24:47Z">
          <exception class="java.lang.NullPointerException">
            <full-stacktrace>
              <![CDATA[java.lang.NullPointerException
	at com.relevantcodes.extentreports.ExtentTest.<init>(ExtentTest.java:66)
	at com.relevantcodes.extentreports.ExtentReports.startTest(ExtentReports.java:791)
	at reporting.ExtentReporter.startTestCase(ExtentReporter.java:30)
	at base.Annotations.beforeMethod(Annotations.java:59)
	at sun.reflect.NativeMethodAccessorImpl.invoke0(Native Method)
	at sun.reflect.NativeMethodAccessorImpl.invoke(NativeMethodAccessorImpl.java:62)
	at sun.reflect.DelegatingMethodAccessorImpl.invoke(DelegatingMethodAccessorImpl.java:43)
	at java.lang.reflect.Method.invoke(Method.java:497)
	at org.testng.internal.MethodInvocationHelper.invokeMethod(MethodInvocationHelper.java:84)
	at org.testng.internal.Invoker.invokeConfigurationMethod(Invoker.java:564)
	at org.testng.internal.Invoker.invokeConfigurations(Invoker.java:213)
	at org.testng.internal.Invoker.invokeMethod(Invoker.java:653)
	at org.testng.internal.Invoker.invokeTestMethod(Invoker.java:901)
	at org.testng.internal.Invoker.invokeTestMethods(Invoker.java:1231)
	at org.testng.internal.TestMethodWorker.invokeTestMethods(TestMethodWorker.java:127)
	at org.testng.internal.TestMethodWorker.run(TestMethodWorker.java:111)
	at org.testng.TestRunner.privateRun(TestRunner.java:767)
	at org.testng.TestRunner.run(TestRunner.java:617)
	at org.testng.SuiteRunner.runTest(SuiteRunner.java:334)
	at org.testng.SuiteRunner.runSequentially(SuiteRunner.java:329)
	at org.testng.SuiteRunner.privateRun(SuiteRunner.java:291)
	at org.testng.SuiteRunner.run(SuiteRunner.java:240)
	at org.testng.SuiteRunnerWorker.runSuite(SuiteRunnerWorker.java:52)
	at org.testng.SuiteRunnerWorker.run(SuiteRunnerWorker.java:86)
	at org.testng.TestNG.runSuitesSequentially(TestNG.java:1224)
	at org.testng.TestNG.runSuitesLocally(TestNG.java:1149)
	at org.testng.TestNG.run(TestNG.java:1057)
	at org.testng.remote.RemoteTestNG.run(RemoteTestNG.java:111)
	at org.testng.remote.RemoteTestNG.initAndRun(RemoteTestNG.java:204)
	at org.testng.remote.RemoteTestNG.main(RemoteTestNG.java:175)
]]>
            </full-stacktrace>
          </exception> <!-- java.lang.NullPointerException -->
          <reporter-output>
          </reporter-output>
        </test-method> <!-- beforeMethod -->
        <test-method status="SKIP" signature="createLead()[pri:0, instance:tests.TC001@2812cbfa]" name="createLead" duration-ms="0" started-at="2018-05-03T18:24:47Z" finished-at="2018-05-03T18:24:47Z">
          <reporter-output>
          </reporter-output>
        </test-method> <!-- createLead -->
        <test-method status="SKIP" signature="afterMethod()[pri:0, instance:tests.TC001@2812cbfa]" name="afterMethod" is-config="true" duration-ms="0" started-at="2018-05-03T18:24:47Z" finished-at="2018-05-03T18:24:47Z">
          <reporter-output>
          </reporter-output>
        </test-method> <!-- afterMethod -->
        <test-method status="SKIP" signature="afterClass()[pri:0, instance:tests.TC001@2812cbfa]" name="afterClass" is-config="true" duration-ms="0" started-at="2018-05-03T18:24:47Z" finished-at="2018-05-03T18:24:47Z">
          <reporter-output>
          </reporter-output>
        </test-method> <!-- afterClass -->
        <test-method status="SKIP" signature="afterTest()[pri:0, instance:tests.TC001@2812cbfa]" name="afterTest" is-config="true" duration-ms="0" started-at="2018-05-03T18:24:47Z" finished-at="2018-05-03T18:24:47Z">
          <reporter-output>
          </reporter-output>
        </test-method> <!-- afterTest -->
        <test-method status="SKIP" signature="afterSuite()[pri:0, instance:tests.TC001@2812cbfa]" name="afterSuite" is-config="true" duration-ms="0" started-at="2018-05-03T18:24:47Z" finished-at="2018-05-03T18:24:47Z">
          <reporter-output>
          </reporter-output>
        </test-method> <!-- afterSuite -->
      </class> <!-- tests.TC001 -->
    </test> <!-- Default test -->
  </suite> <!-- Default suite -->
</testng-results>
